app/build/intermediates/manifest_merge_blame_file/debug/processDebugMainManifest/manifest-merger-blame-debug-report.txt
1<?xml version="1.0" encoding="utf-8"?>
2<manifest xmlns:android="http://schemas.android.com/apk/res/android"
3    package="com.dormitorymanager"
4    android:versionCode="1"
5    android:versionName="1.0" >
6
7    <uses-sdk
8        android:minSdkVersion="24"
9        android:targetSdkVersion="36" />
10
11    <permission
11-->[androidx.core:core:1.12.0] AndroidManifest.xml:22:5-24:47
12        android:name="com.dormitorymanager.DYNAMIC_RECEIVER_NOT_EXPORTED_PERMISSION"
12-->[androidx.core:core:1.12.0] AndroidManifest.xml:23:9-81
13        android:protectionLevel="signature" />
13-->[androidx.core:core:1.12.0] AndroidManifest.xml:24:9-44
14
15    <uses-permission android:name="com.dormitorymanager.DYNAMIC_RECEIVER_NOT_EXPORTED_PERMISSION" />
15-->[androidx.core:core:1.12.0] AndroidManifest.xml:26:5-97
15-->[androidx.core:core:1.12.0] AndroidManifest.xml:26:22-94
16
17    <application
17-->src\main\AndroidManifest.xml:5:5-32:19
18        android:allowBackup="true"
18-->src\main\AndroidManifest.xml:6:9-35
19        android:appComponentFactory="androidx.core.app.CoreComponentFactory"
19-->[androidx.core:core:1.12.0] AndroidManifest.xml:28:18-86
20        android:debuggable="true"
21        android:extractNativeLibs="false"
22        android:label="@string/app_name"
22-->src\main\AndroidManifest.xml:7:9-41
23        android:supportsRtl="true"
23-->src\main\AndroidManifest.xml:8:9-35
24        android:testOnly="true"
25        android:theme="@style/Theme.DormitoryManager" >
25-->src\main\AndroidManifest.xml:9:9-54
26        <activity
26-->src\main\AndroidManifest.xml:11:9-19:20
27            android:name="com.dormitorymanager.MainActivity"
27-->src\main\AndroidManifest.xml:12:13-41
28            android:exported="true"
28-->src\main\AndroidManifest.xml:13:13-36
29            android:screenOrientation="portrait" >
29-->src\main\AndroidManifest.xml:14:13-49
30            <intent-filter>
30-->src\main\AndroidManifest.xml:15:13-18:29
31                <action android:name="android.intent.action.MAIN" />
31-->src\main\AndroidManifest.xml:16:17-69
31-->src\main\AndroidManifest.xml:16:25-66
32
33                <category android:name="android.intent.category.LAUNCHER" />
33-->src\main\AndroidManifest.xml:17:17-77
33-->src\main\AndroidManifest.xml:17:27-74
34            </intent-filter>
35        </activity>
36        <activity
36-->src\main\AndroidManifest.xml:20:9-23:52
37            android:name="com.dormitorymanager.SwapDutyActivity"
37-->src\main\AndroidManifest.xml:21:13-45
38            android:exported="false"
38-->src\main\AndroidManifest.xml:22:13-37
39            android:screenOrientation="portrait" />
39-->src\main\AndroidManifest.xml:23:13-49
40        <activity
40-->src\main\AndroidManifest.xml:24:9-27:52
41            android:name="com.dormitorymanager.TimeOffActivity"
41-->src\main\AndroidManifest.xml:25:13-44
42            android:exported="false"
42-->src\main\AndroidManifest.xml:26:13-37
43            android:screenOrientation="portrait" />
43-->src\main\AndroidManifest.xml:27:13-49
44        <activity
44-->src\main\AndroidManifest.xml:28:9-31:52
45            android:name="com.dormitorymanager.MakeupDutyActivity"
45-->src\main\AndroidManifest.xml:29:13-47
46            android:exported="false"
46-->src\main\AndroidManifest.xml:30:13-37
47            android:screenOrientation="portrait" />
47-->src\main\AndroidManifest.xml:31:13-49
48
49        <provider
49-->[androidx.emoji2:emoji2:1.2.0] AndroidManifest.xml:24:9-32:20
50            android:name="androidx.startup.InitializationProvider"
50-->[androidx.emoji2:emoji2:1.2.0] AndroidManifest.xml:25:13-67
51            android:authorities="com.dormitorymanager.androidx-startup"
51-->[androidx.emoji2:emoji2:1.2.0] AndroidManifest.xml:26:13-68
52            android:exported="false" >
52-->[androidx.emoji2:emoji2:1.2.0] AndroidManifest.xml:27:13-37
53            <meta-data
53-->[androidx.emoji2:emoji2:1.2.0] AndroidManifest.xml:29:13-31:52
54                android:name="androidx.emoji2.text.EmojiCompatInitializer"
54-->[androidx.emoji2:emoji2:1.2.0] AndroidManifest.xml:30:17-75
55                android:value="androidx.startup" />
55-->[androidx.emoji2:emoji2:1.2.0] AndroidManifest.xml:31:17-49
56            <meta-data
56-->[androidx.lifecycle:lifecycle-process:2.7.0] AndroidManifest.xml:29:13-31:52
57                android:name="androidx.lifecycle.ProcessLifecycleInitializer"
57-->[androidx.lifecycle:lifecycle-process:2.7.0] AndroidManifest.xml:30:17-78
58                android:value="androidx.startup" />
58-->[androidx.lifecycle:lifecycle-process:2.7.0] AndroidManifest.xml:31:17-49
59            <meta-data
59-->[androidx.profileinstaller:profileinstaller:1.3.0] AndroidManifest.xml:29:13-31:52
60                android:name="androidx.profileinstaller.ProfileInstallerInitializer"
60-->[androidx.profileinstaller:profileinstaller:1.3.0] AndroidManifest.xml:30:17-85
61                android:value="androidx.startup" />
61-->[androidx.profileinstaller:profileinstaller:1.3.0] AndroidManifest.xml:31:17-49
62        </provider>
63
64        <receiver
64-->[androidx.profileinstaller:profileinstaller:1.3.0] AndroidManifest.xml:34:9-52:20
65            android:name="androidx.profileinstaller.ProfileInstallReceiver"
65-->[androidx.profileinstaller:profileinstaller:1.3.0] AndroidManifest.xml:35:13-76
66            android:directBootAware="false"
66-->[androidx.profileinstaller:profileinstaller:1.3.0] AndroidManifest.xml:36:13-44
67            android:enabled="true"
67-->[androidx.profileinstaller:profileinstaller:1.3.0] AndroidManifest.xml:37:13-35
68            android:exported="true"
68-->[androidx.profileinstaller:profileinstaller:1.3.0] AndroidManifest.xml:38:13-36
69            android:permission="android.permission.DUMP" >
69-->[androidx.profileinstaller:profileinstaller:1.3.0] AndroidManifest.xml:39:13-57
70            <intent-filter>
70-->[androidx.profileinstaller:profileinstaller:1.3.0] AndroidManifest.xml:40:13-42:29
71                <action android:name="androidx.profileinstaller.action.INSTALL_PROFILE" />
71-->[androidx.profileinstaller:profileinstaller:1.3.0] AndroidManifest.xml:41:17-91
71-->[androidx.profileinstaller:profileinstaller:1.3.0] AndroidManifest.xml:41:25-88
72            </intent-filter>
73            <intent-filter>
73-->[androidx.profileinstaller:profileinstaller:1.3.0] AndroidManifest.xml:43:13-45:29
74                <action android:name="androidx.profileinstaller.action.SKIP_FILE" />
74-->[androidx.profileinstaller:profileinstaller:1.3.0] AndroidManifest.xml:44:17-85
74-->[androidx.profileinstaller:profileinstaller:1.3.0] AndroidManifest.xml:44:25-82
75            </intent-filter>
76            <intent-filter>
76-->[androidx.profileinstaller:profileinstaller:1.3.0] AndroidManifest.xml:46:13-48:29
77                <action android:name="androidx.profileinstaller.action.SAVE_PROFILE" />
77-->[androidx.profileinstaller:profileinstaller:1.3.0] AndroidManifest.xml:47:17-88
77-->[androidx.profileinstaller:profileinstaller:1.3.0] AndroidManifest.xml:47:25-85
78            </intent-filter>
79            <intent-filter>
79-->[androidx.profileinstaller:profileinstaller:1.3.0] AndroidManifest.xml:49:13-51:29
80                <action android:name="androidx.profileinstaller.action.BENCHMARK_OPERATION" />
80-->[androidx.profileinstaller:profileinstaller:1.3.0] AndroidManifest.xml:50:17-95
80-->[androidx.profileinstaller:profileinstaller:1.3.0] AndroidManifest.xml:50:25-92
81            </intent-filter>
82        </receiver>
83    </application>
84
85</manifest>